2025-11-04 15:43:22,997 [INFO] __main__: 🚀 Starting ETL pipeline: company -> funding_trends. Workers=20, BatchSize=1000
2025-11-04 15:43:24,746 [INFO] __main__: ✅ Connected to MongoDB. DB: 'leadcruit'. Source: 'company', Target: 'funding_trends'
2025-11-04 15:43:24,746 [INFO] __main__: Ensuring indexes on target collection 'funding_trends'...
2025-11-04 15:43:24,885 [INFO] __main__: Index on 'company_id' ensured.
2025-11-04 15:43:24,885 [INFO] __main__: Starting full refresh/upsert from 'company'...
2025-11-04 15:43:58,941 [INFO] __main__: Processing final batch of 592 companies...
2025-11-04 15:43:59,023 [INFO] __main__: Performing bulk upsert of 592 documents...
2025-11-04 15:44:00,434 [INFO] __main__: ✅ Bulk upsert complete: Inserted=0, Updated=592
2025-11-04 15:44:00,435 [INFO] __main__: ✅ Funding ETL complete. Total companies with funding processed: 592
2025-11-04 15:44:00,579 [INFO] __main__: MongoDB connection closed.
2025-11-05 14:19:12,419 [INFO] __main__: 🚀 Starting ETL pipeline: company -> funding_trends. Workers=20, BatchSize=1000
2025-11-05 14:19:14,145 [INFO] __main__: ✅ Connected to MongoDB. DB: 'leadcruit'. Source: 'company', Target: 'funding_trends'
2025-11-05 14:19:14,145 [INFO] __main__: Ensuring indexes on target collection 'funding_trends'...
2025-11-05 14:19:14,305 [INFO] __main__: Index on 'company_id' ensured.
2025-11-05 14:19:14,305 [INFO] __main__: Starting full refresh/upsert from 'company'...
2025-11-05 14:19:44,183 [INFO] __main__: Processing final batch of 592 companies...
2025-11-05 14:19:44,267 [INFO] __main__: Performing bulk upsert of 592 documents...
2025-11-05 14:19:45,276 [INFO] __main__: ✅ Bulk upsert complete: Inserted=0, Updated=592
2025-11-05 14:19:45,276 [INFO] __main__: ✅ Funding ETL complete. Total companies with funding processed: 592
2025-11-05 14:19:45,425 [INFO] __main__: MongoDB connection closed.
