2025-11-04 11:19:52,691 [INFO] __main__: Starting MongoDB migration process...
2025-11-04 11:19:52,692 [INFO] __main__: All migrated data will be tagged with source_date: 2025-09-01 00:00:00
2025-11-04 11:19:52,693 [INFO] __main__: Connecting to SOURCE: leadcruit...
2025-11-04 11:19:54,328 [INFO] __main__: Connecting to ARCHIVE: leadcruit_archive...
2025-11-04 11:19:55,857 [INFO] __main__: Connections successful.
2025-11-04 11:19:56,001 [INFO] __main__: Found 8 collections to migrate.
2025-11-04 11:19:56,001 [INFO] __main__: Settings: Chunk size=50000, Max parallel collections=10
2025-11-04 11:19:56,001 [INFO] __main__: --- Starting Migration (see progress bar) ---
2025-11-04 11:19:56,020 [INFO] __main__: [jobs] Starting migration for 2025-09...
2025-11-04 11:19:56,021 [INFO] __main__: [signals_overviews] Starting migration for 2025-09...
2025-11-04 11:19:56,022 [INFO] __main__: [company] Starting migration for 2025-09...
2025-11-04 11:19:56,022 [INFO] __main__: [funding_trends] Starting migration for 2025-09...
2025-11-04 11:19:56,022 [INFO] __main__: [employee_trends] Starting migration for 2025-09...
2025-11-04 11:19:56,023 [INFO] __main__: [people-test] Starting migration for 2025-09...
2025-11-04 11:19:56,023 [INFO] __main__: [people] Starting migration for 2025-09...
2025-11-04 11:19:56,023 [INFO] __main__: [signals_overview] Starting migration for 2025-09...
2025-11-04 11:19:57,899 [INFO] __main__: [signals_overviews] COMPLETED migration. Total docs appended: 0
2025-11-04 11:19:58,495 [INFO] __main__: [jobs] COMPLETED migration. Total docs appended: 88
2025-11-04 11:19:58,616 [INFO] __main__: [people-test] COMPLETED migration. Total docs appended: 3
2025-11-04 11:19:59,085 [INFO] __main__: [signals_overview] COMPLETED migration. Total docs appended: 47
2025-11-04 11:19:59,500 [INFO] __main__: [funding_trends] COMPLETED migration. Total docs appended: 584
2025-11-04 11:22:34,985 [INFO] __main__: [employee_trends] COMPLETED migration. Total docs appended: 35471
2025-11-04 11:33:58,805 [INFO] __main__: [company] COMPLETED migration. Total docs appended: 35473
2025-11-04 11:38:45,026 [INFO] __main__: [people] COMPLETED migration. Total docs appended: 345940
2025-11-04 11:38:46,201 [INFO] __main__: --- Migration Tasks Finished ---
2025-11-04 11:38:46,201 [INFO] __main__: --- MIGRATION SUMMARY ---
2025-11-04 11:38:46,201 [INFO] __main__: Data tagged with month: 2025-09
2025-11-04 11:38:46,201 [INFO] __main__: Successful collections: 7
2025-11-04 11:38:46,201 [INFO] __main__: Failed collections:     1
2025-11-04 11:38:46,201 [INFO] __main__: Total documents migrated: 417606
2025-11-04 11:38:46,354 [INFO] __main__: Source connection closed.
2025-11-04 11:38:46,499 [INFO] __main__: Archive connection closed.
