2025-11-10 23:43:04,048 [INFO] __main__: --- Step 1: Extracting data from MongoDB ---
2025-11-10 23:43:04,048 [INFO] __main__: Connecting to MongoDB. DB: 'leadcruit'.
2025-11-10 23:43:05,964 [INFO] __main__: ✅ Connected to MongoDB. DB: 'leadcruit'.
2025-11-10 23:43:05,964 [INFO] __main__: Loading collection 'employee_trends' into DataFrame...
2025-11-10 23:43:05,966 [INFO] __main__: Loading collection 'funding_trends' into DataFrame...
2025-11-10 23:43:05,967 [INFO] __main__: Loading collection 'leadership_change' into DataFrame...
2025-11-10 23:43:07,439 [INFO] __main__: Loaded 592 documents from 'funding_trends'.
2025-11-10 23:43:07,496 [INFO] __main__: Loaded 1843 documents from 'leadership_change'.
2025-11-10 23:43:36,394 [INFO] __main__: Loaded 35471 documents from 'employee_trends'.
2025-11-10 23:43:36,455 [INFO] __main__: --- Step 2: Transforming and Merging data ---
2025-11-10 23:43:36,489 [INFO] __main__: Merge complete. Total combined records: 35471
2025-11-10 23:43:36,489 [INFO] __main__: Filtering out records with unknown company size...
2025-11-10 23:43:36,505 [INFO] __main__: Records remaining after company_size filter: 26582
2025-11-10 23:43:36,768 [INFO] __main__: Total records to be aggregated after filtering: 26582
2025-11-10 23:43:36,768 [INFO] __main__: --- Step 3: Aggregating signals ---
2025-11-10 23:43:36,768 [INFO] __main__: Aggregating 26582 company records...
2025-11-10 23:43:36,928 [INFO] __main__: Successfully processed 26582 records. Generating final report...
2025-11-10 23:43:36,943 [INFO] __main__: Generated aggregated reports for 180 unique groups.
2025-11-10 23:43:36,944 [INFO] __main__: --- Step 4: Loading data to MongoDB ---
2025-11-10 23:43:36,944 [INFO] __main__: Attempting to dump 180 aggregated reports to 'signals_overview_test'...
2025-11-10 23:43:37,119 [INFO] __main__: Ensured unique index exists for: industry, hq_country, company_size
2025-11-10 23:43:37,120 [INFO] __main__: Performing bulk upsert of 180 documents...
2025-11-10 23:43:38,529 [INFO] __main__: MongoDB bulk write complete. Inserted: 180, Updated: 0
2025-11-10 23:43:38,530 [INFO] __main__: 🎉 Signals overview generation complete!
2025-11-10 23:43:38,680 [INFO] __main__: MongoDB connection closed.
2025-11-10 23:46:22,359 [INFO] __main__: --- Step 1: Extracting data from MongoDB ---
2025-11-10 23:46:22,359 [INFO] __main__: Connecting to MongoDB. DB: 'leadcruit'.
2025-11-10 23:46:24,287 [INFO] __main__: ✅ Connected to MongoDB. DB: 'leadcruit'.
2025-11-10 23:46:24,288 [INFO] __main__: Loading collection 'employee_trends' into DataFrame...
2025-11-10 23:46:24,289 [INFO] __main__: Loading collection 'funding_trends' into DataFrame...
2025-11-10 23:46:24,289 [INFO] __main__: Loading collection 'leadership_change' into DataFrame...
2025-11-10 23:46:25,847 [INFO] __main__: Loaded 592 documents from 'funding_trends'.
2025-11-10 23:46:25,899 [INFO] __main__: Loaded 1843 documents from 'leadership_change'.
2025-11-10 23:46:56,109 [INFO] __main__: Loaded 35471 documents from 'employee_trends'.
2025-11-10 23:46:56,181 [INFO] __main__: --- Step 2: Transforming and Merging data ---
2025-11-10 23:46:56,216 [INFO] __main__: Merge complete. Total combined records: 35471
2025-11-10 23:46:56,216 [INFO] __main__: Filtering out records with unknown company size...
2025-11-10 23:46:56,231 [INFO] __main__: Records remaining after company_size filter: 26582
2025-11-10 23:46:56,495 [INFO] __main__: Total records to be aggregated after filtering: 26582
2025-11-10 23:46:56,495 [INFO] __main__: --- Step 3: Aggregating signals ---
2025-11-10 23:46:56,496 [INFO] __main__: Aggregating 26582 company records...
2025-11-10 23:46:56,655 [INFO] __main__: Successfully processed 26582 records. Generating final report...
2025-11-10 23:46:56,670 [INFO] __main__: Generated aggregated reports for 180 unique groups.
2025-11-10 23:46:56,671 [INFO] __main__: --- Step 4: Loading data to MongoDB ---
2025-11-10 23:46:56,671 [INFO] __main__: Attempting to dump 180 aggregated reports to 'signals_overview'...
2025-11-10 23:46:56,821 [INFO] __main__: Ensured unique index exists for: industry, hq_country, company_size
2025-11-10 23:46:56,822 [INFO] __main__: Performing bulk upsert of 180 documents...
2025-11-10 23:46:58,038 [INFO] __main__: MongoDB bulk write complete. Inserted: 0, Updated: 180
2025-11-10 23:46:58,039 [INFO] __main__: 🎉 Signals overview generation complete!
2025-11-10 23:46:58,194 [INFO] __main__: MongoDB connection closed.
